[0.064s] DEBUG:colcon:Command line arguments: ['/usr/bin/colcon', 'build', '--symlink-install', '--cmake-args', '-DCMAKE_BUILD_TYPE=RelWithDebInfo', '-DCMAKE_EXPORT_COMPILE_COMMANDS=1']
[0.064s] DEBUG:colcon:Parsed command line arguments: Namespace(log_base=None, log_level=None, verb_name='build', build_base='build', install_base='install', merge_install=False, symlink_install=True, test_result_base=None, continue_on_error=False, executor='parallel', parallel_workers=12, event_handlers=None, ignore_user_meta=False, metas=['./colcon.meta'], base_paths=['.'], packages_ignore=None, packages_ignore_regex=None, paths=None, packages_up_to=None, packages_up_to_regex=None, packages_above=None, packages_above_and_dependencies=None, packages_above_depth=None, packages_select_by_dep=None, packages_skip_by_dep=None, packages_skip_up_to=None, packages_select_build_failed=False, packages_skip_build_finished=False, packages_select_test_failures=False, packages_skip_test_passed=False, packages_select=None, packages_skip=None, packages_select_regex=None, packages_skip_regex=None, packages_start=None, packages_end=None, allow_overriding=[], cmake_args=['-DCMAKE_BUILD_TYPE=RelWithDebInfo', '-DCMAKE_EXPORT_COMPILE_COMMANDS=1'], cmake_target=None, cmake_target_skip_unavailable=False, cmake_clean_cache=False, cmake_clean_first=False, cmake_force_configure=False, ament_cmake_args=None, catkin_cmake_args=None, catkin_skip_building_tests=False, mixin_files=None, mixin=None, verb_parser=<colcon_mixin.mixin.mixin_argument.MixinArgumentDecorator object at 0x7c7488745a20>, verb_extension=<colcon_core.verb.build.BuildVerb object at 0x7c7488876920>, main=<bound method BuildVerb.main of <colcon_core.verb.build.BuildVerb object at 0x7c7488876920>>, mixin_verb=('build',))
[0.164s] Level 1:colcon.colcon_core.package_discovery:discover_packages(colcon_meta) check parameters
[0.164s] Level 1:colcon.colcon_core.package_discovery:discover_packages(recursive) check parameters
[0.164s] Level 1:colcon.colcon_core.package_discovery:discover_packages(ignore) check parameters
[0.164s] Level 1:colcon.colcon_core.package_discovery:discover_packages(path) check parameters
[0.164s] Level 1:colcon.colcon_core.package_discovery:discover_packages(colcon_meta) discover
[0.164s] Level 1:colcon.colcon_core.package_discovery:discover_packages(recursive) discover
[0.164s] INFO:colcon.colcon_core.package_discovery:Crawling recursively for packages in '/home/liujie/rosbag2pcd_ws'
[0.164s] Level 1:colcon.colcon_core.package_identification:_identify(.) by extensions ['ignore', 'ignore_ament_install']
[0.164s] Level 1:colcon.colcon_core.package_identification:_identify(.) by extension 'ignore'
[0.164s] Level 1:colcon.colcon_core.package_identification:_identify(.) by extension 'ignore_ament_install'
[0.164s] Level 1:colcon.colcon_core.package_identification:_identify(.) by extensions ['colcon_pkg']
[0.164s] Level 1:colcon.colcon_core.package_identification:_identify(.) by extension 'colcon_pkg'
[0.164s] Level 1:colcon.colcon_core.package_identification:_identify(.) by extensions ['colcon_meta']
[0.164s] Level 1:colcon.colcon_core.package_identification:_identify(.) by extension 'colcon_meta'
[0.164s] Level 1:colcon.colcon_core.package_identification:_identify(.) by extensions ['ros']
[0.164s] Level 1:colcon.colcon_core.package_identification:_identify(.) by extension 'ros'
[0.171s] Level 1:colcon.colcon_core.package_identification:_identify(.) by extensions ['cmake', 'python']
[0.171s] Level 1:colcon.colcon_core.package_identification:_identify(.) by extension 'cmake'
[0.171s] Level 1:colcon.colcon_core.package_identification:_identify(.) by extension 'python'
[0.171s] Level 1:colcon.colcon_core.package_identification:_identify(.) by extensions ['python_setup_py']
[0.171s] Level 1:colcon.colcon_core.package_identification:_identify(.) by extension 'python_setup_py'
[0.171s] Level 1:colcon.colcon_core.package_identification:_identify(build) by extensions ['ignore', 'ignore_ament_install']
[0.171s] Level 1:colcon.colcon_core.package_identification:_identify(build) by extension 'ignore'
[0.171s] Level 1:colcon.colcon_core.package_identification:_identify(build) ignored
[0.171s] Level 1:colcon.colcon_core.package_identification:_identify(install) by extensions ['ignore', 'ignore_ament_install']
[0.171s] Level 1:colcon.colcon_core.package_identification:_identify(install) by extension 'ignore'
[0.171s] Level 1:colcon.colcon_core.package_identification:_identify(install) ignored
[0.171s] Level 1:colcon.colcon_core.package_identification:_identify(log) by extensions ['ignore', 'ignore_ament_install']
[0.171s] Level 1:colcon.colcon_core.package_identification:_identify(log) by extension 'ignore'
[0.171s] Level 1:colcon.colcon_core.package_identification:_identify(log) ignored
[0.171s] Level 1:colcon.colcon_core.package_identification:_identify(src) by extensions ['ignore', 'ignore_ament_install']
[0.171s] Level 1:colcon.colcon_core.package_identification:_identify(src) by extension 'ignore'
[0.171s] Level 1:colcon.colcon_core.package_identification:_identify(src) by extension 'ignore_ament_install'
[0.171s] Level 1:colcon.colcon_core.package_identification:_identify(src) by extensions ['colcon_pkg']
[0.171s] Level 1:colcon.colcon_core.package_identification:_identify(src) by extension 'colcon_pkg'
[0.172s] Level 1:colcon.colcon_core.package_identification:_identify(src) by extensions ['colcon_meta']
[0.172s] Level 1:colcon.colcon_core.package_identification:_identify(src) by extension 'colcon_meta'
[0.172s] Level 1:colcon.colcon_core.package_identification:_identify(src) by extensions ['ros']
[0.172s] Level 1:colcon.colcon_core.package_identification:_identify(src) by extension 'ros'
[0.172s] Level 1:colcon.colcon_core.package_identification:_identify(src) by extensions ['cmake', 'python']
[0.172s] Level 1:colcon.colcon_core.package_identification:_identify(src) by extension 'cmake'
[0.172s] Level 1:colcon.colcon_core.package_identification:_identify(src) by extension 'python'
[0.172s] Level 1:colcon.colcon_core.package_identification:_identify(src) by extensions ['python_setup_py']
[0.172s] Level 1:colcon.colcon_core.package_identification:_identify(src) by extension 'python_setup_py'
[0.172s] Level 1:colcon.colcon_core.package_identification:_identify(src/rosbag2_to_pcd) by extensions ['ignore', 'ignore_ament_install']
[0.172s] Level 1:colcon.colcon_core.package_identification:_identify(src/rosbag2_to_pcd) by extension 'ignore'
[0.172s] Level 1:colcon.colcon_core.package_identification:_identify(src/rosbag2_to_pcd) by extension 'ignore_ament_install'
[0.172s] Level 1:colcon.colcon_core.package_identification:_identify(src/rosbag2_to_pcd) by extensions ['colcon_pkg']
[0.172s] Level 1:colcon.colcon_core.package_identification:_identify(src/rosbag2_to_pcd) by extension 'colcon_pkg'
[0.172s] Level 1:colcon.colcon_core.package_identification:_identify(src/rosbag2_to_pcd) by extensions ['colcon_meta']
[0.172s] Level 1:colcon.colcon_core.package_identification:_identify(src/rosbag2_to_pcd) by extension 'colcon_meta'
[0.172s] Level 1:colcon.colcon_core.package_identification:_identify(src/rosbag2_to_pcd) by extensions ['ros']
[0.172s] Level 1:colcon.colcon_core.package_identification:_identify(src/rosbag2_to_pcd) by extension 'ros'
[0.174s] DEBUG:colcon.colcon_core.package_identification:Package 'src/rosbag2_to_pcd' with type 'ros.ament_cmake' and name 'rosbag2_to_pcd'
[0.174s] Level 1:colcon.colcon_core.package_discovery:discover_packages(recursive) using defaults
[0.174s] Level 1:colcon.colcon_core.package_discovery:discover_packages(ignore) discover
[0.174s] Level 1:colcon.colcon_core.package_discovery:discover_packages(ignore) using defaults
[0.174s] Level 1:colcon.colcon_core.package_discovery:discover_packages(path) discover
[0.174s] Level 1:colcon.colcon_core.package_discovery:discover_packages(path) using defaults
[0.196s] Level 1:colcon.colcon_core.package_discovery:discover_packages(prefix_path) check parameters
[0.196s] Level 1:colcon.colcon_core.package_discovery:discover_packages(prefix_path) discover
[0.197s] DEBUG:colcon.colcon_installed_package_information.package_discovery:Found 1 installed packages in /home/liujie/rosbag2pcd_ws/install
[0.197s] DEBUG:colcon.colcon_installed_package_information.package_discovery:Found 284 installed packages in /opt/ros/humble
[0.198s] Level 1:colcon.colcon_core.package_discovery:discover_packages(prefix_path) using defaults
[0.220s] Level 5:colcon.colcon_core.verb:set package 'rosbag2_to_pcd' build argument 'cmake_args' from command line to '['-DCMAKE_BUILD_TYPE=RelWithDebInfo', '-DCMAKE_EXPORT_COMPILE_COMMANDS=1']'
[0.221s] Level 5:colcon.colcon_core.verb:set package 'rosbag2_to_pcd' build argument 'cmake_target' from command line to 'None'
[0.221s] Level 5:colcon.colcon_core.verb:set package 'rosbag2_to_pcd' build argument 'cmake_target_skip_unavailable' from command line to 'False'
[0.221s] Level 5:colcon.colcon_core.verb:set package 'rosbag2_to_pcd' build argument 'cmake_clean_cache' from command line to 'False'
[0.221s] Level 5:colcon.colcon_core.verb:set package 'rosbag2_to_pcd' build argument 'cmake_clean_first' from command line to 'False'
[0.221s] Level 5:colcon.colcon_core.verb:set package 'rosbag2_to_pcd' build argument 'cmake_force_configure' from command line to 'False'
[0.221s] Level 5:colcon.colcon_core.verb:set package 'rosbag2_to_pcd' build argument 'ament_cmake_args' from command line to 'None'
[0.221s] Level 5:colcon.colcon_core.verb:set package 'rosbag2_to_pcd' build argument 'catkin_cmake_args' from command line to 'None'
[0.221s] Level 5:colcon.colcon_core.verb:set package 'rosbag2_to_pcd' build argument 'catkin_skip_building_tests' from command line to 'False'
[0.221s] DEBUG:colcon.colcon_core.verb:Building package 'rosbag2_to_pcd' with the following arguments: {'ament_cmake_args': None, 'build_base': '/home/liujie/rosbag2pcd_ws/build/rosbag2_to_pcd', 'catkin_cmake_args': None, 'catkin_skip_building_tests': False, 'cmake_args': ['-DCMAKE_BUILD_TYPE=RelWithDebInfo', '-DCMAKE_EXPORT_COMPILE_COMMANDS=1'], 'cmake_clean_cache': False, 'cmake_clean_first': False, 'cmake_force_configure': False, 'cmake_target': None, 'cmake_target_skip_unavailable': False, 'install_base': '/home/liujie/rosbag2pcd_ws/install/rosbag2_to_pcd', 'merge_install': False, 'path': '/home/liujie/rosbag2pcd_ws/src/rosbag2_to_pcd', 'symlink_install': True, 'test_result_base': None}
[0.221s] INFO:colcon.colcon_core.executor:Executing jobs using 'parallel' executor
[0.221s] DEBUG:colcon.colcon_parallel_executor.executor.parallel:run_until_complete
[0.222s] INFO:colcon.colcon_ros.task.ament_cmake.build:Building ROS package in '/home/liujie/rosbag2pcd_ws/src/rosbag2_to_pcd' with build type 'ament_cmake'
[0.222s] INFO:colcon.colcon_cmake.task.cmake.build:Building CMake package in '/home/liujie/rosbag2pcd_ws/src/rosbag2_to_pcd'
[0.223s] INFO:colcon.colcon_core.plugin_system:Skipping extension 'colcon_core.shell.bat': Not used on non-Windows systems
[0.223s] INFO:colcon.colcon_core.shell:Skip shell extension 'powershell' for command environment: Not usable outside of PowerShell
[0.223s] DEBUG:colcon.colcon_core.shell:Skip shell extension 'dsv' for command environment
[0.230s] DEBUG:colcon.colcon_core.event_handler.log_command:Invoking command in '/home/liujie/rosbag2pcd_ws/build/rosbag2_to_pcd': CMAKE_PREFIX_PATH=${CMAKE_PREFIX_PATH}:/opt/ros/humble /usr/bin/cmake --build /home/liujie/rosbag2pcd_ws/build/rosbag2_to_pcd -- -j12 -l12
[9.031s] DEBUG:colcon.colcon_core.event_handler.log_command:Invoked command in '/home/liujie/rosbag2pcd_ws/build/rosbag2_to_pcd' returned '0': CMAKE_PREFIX_PATH=${CMAKE_PREFIX_PATH}:/opt/ros/humble /usr/bin/cmake --build /home/liujie/rosbag2pcd_ws/build/rosbag2_to_pcd -- -j12 -l12
[9.037s] DEBUG:colcon.colcon_core.event_handler.log_command:Invoking command in '/home/liujie/rosbag2pcd_ws/build/rosbag2_to_pcd': CMAKE_PREFIX_PATH=${CMAKE_PREFIX_PATH}:/opt/ros/humble /usr/bin/cmake --install /home/liujie/rosbag2pcd_ws/build/rosbag2_to_pcd
[9.049s] Level 1:colcon.colcon_core.environment:create_environment_scripts_only(rosbag2_to_pcd)
[9.050s] DEBUG:colcon.colcon_core.event_handler.log_command:Invoked command in '/home/liujie/rosbag2pcd_ws/build/rosbag2_to_pcd' returned '0': CMAKE_PREFIX_PATH=${CMAKE_PREFIX_PATH}:/opt/ros/humble /usr/bin/cmake --install /home/liujie/rosbag2pcd_ws/build/rosbag2_to_pcd
[9.051s] Level 1:colcon.colcon_core.environment:checking '/home/liujie/rosbag2pcd_ws/install/rosbag2_to_pcd' for CMake module files
[9.051s] Level 1:colcon.colcon_core.environment:checking '/home/liujie/rosbag2pcd_ws/install/rosbag2_to_pcd' for CMake config files
[9.051s] Level 1:colcon.colcon_core.shell:create_environment_hook('rosbag2_to_pcd', 'cmake_prefix_path')
[9.051s] INFO:colcon.colcon_core.shell:Creating environment hook '/home/liujie/rosbag2pcd_ws/install/rosbag2_to_pcd/share/rosbag2_to_pcd/hook/cmake_prefix_path.ps1'
[9.052s] INFO:colcon.colcon_core.shell:Creating environment descriptor '/home/liujie/rosbag2pcd_ws/install/rosbag2_to_pcd/share/rosbag2_to_pcd/hook/cmake_prefix_path.dsv'
[9.052s] INFO:colcon.colcon_core.shell:Creating environment hook '/home/liujie/rosbag2pcd_ws/install/rosbag2_to_pcd/share/rosbag2_to_pcd/hook/cmake_prefix_path.sh'
[9.053s] Level 1:colcon.colcon_core.environment:checking '/home/liujie/rosbag2pcd_ws/install/rosbag2_to_pcd/lib'
[9.053s] Level 1:colcon.colcon_core.shell:create_environment_hook('rosbag2_to_pcd', 'ld_library_path_lib')
[9.053s] INFO:colcon.colcon_core.shell:Creating environment hook '/home/liujie/rosbag2pcd_ws/install/rosbag2_to_pcd/share/rosbag2_to_pcd/hook/ld_library_path_lib.ps1'
[9.053s] INFO:colcon.colcon_core.shell:Creating environment descriptor '/home/liujie/rosbag2pcd_ws/install/rosbag2_to_pcd/share/rosbag2_to_pcd/hook/ld_library_path_lib.dsv'
[9.053s] INFO:colcon.colcon_core.shell:Creating environment hook '/home/liujie/rosbag2pcd_ws/install/rosbag2_to_pcd/share/rosbag2_to_pcd/hook/ld_library_path_lib.sh'
[9.053s] Level 1:colcon.colcon_core.environment:checking '/home/liujie/rosbag2pcd_ws/install/rosbag2_to_pcd/bin'
[9.054s] Level 1:colcon.colcon_core.environment:checking '/home/liujie/rosbag2pcd_ws/install/rosbag2_to_pcd/lib/pkgconfig/rosbag2_to_pcd.pc'
[9.054s] Level 1:colcon.colcon_core.environment:checking '/home/liujie/rosbag2pcd_ws/install/rosbag2_to_pcd/lib/python3.10/site-packages'
[9.054s] Level 1:colcon.colcon_core.environment:checking '/home/liujie/rosbag2pcd_ws/install/rosbag2_to_pcd/bin'
[9.054s] INFO:colcon.colcon_core.shell:Creating package script '/home/liujie/rosbag2pcd_ws/install/rosbag2_to_pcd/share/rosbag2_to_pcd/package.ps1'
[9.055s] INFO:colcon.colcon_core.shell:Creating package descriptor '/home/liujie/rosbag2pcd_ws/install/rosbag2_to_pcd/share/rosbag2_to_pcd/package.dsv'
[9.055s] INFO:colcon.colcon_core.shell:Creating package script '/home/liujie/rosbag2pcd_ws/install/rosbag2_to_pcd/share/rosbag2_to_pcd/package.sh'
[9.055s] INFO:colcon.colcon_core.shell:Creating package script '/home/liujie/rosbag2pcd_ws/install/rosbag2_to_pcd/share/rosbag2_to_pcd/package.bash'
[9.056s] INFO:colcon.colcon_core.shell:Creating package script '/home/liujie/rosbag2pcd_ws/install/rosbag2_to_pcd/share/rosbag2_to_pcd/package.zsh'
[9.056s] Level 1:colcon.colcon_core.environment:create_file_with_runtime_dependencies(/home/liujie/rosbag2pcd_ws/install/rosbag2_to_pcd/share/colcon-core/packages/rosbag2_to_pcd)
[9.056s] Level 1:colcon.colcon_core.environment:create_environment_scripts_only(rosbag2_to_pcd)
[9.056s] Level 1:colcon.colcon_core.environment:checking '/home/liujie/rosbag2pcd_ws/install/rosbag2_to_pcd' for CMake module files
[9.057s] Level 1:colcon.colcon_core.environment:checking '/home/liujie/rosbag2pcd_ws/install/rosbag2_to_pcd' for CMake config files
[9.057s] Level 1:colcon.colcon_core.shell:create_environment_hook('rosbag2_to_pcd', 'cmake_prefix_path')
[9.057s] INFO:colcon.colcon_core.shell:Creating environment hook '/home/liujie/rosbag2pcd_ws/install/rosbag2_to_pcd/share/rosbag2_to_pcd/hook/cmake_prefix_path.ps1'
[9.057s] INFO:colcon.colcon_core.shell:Creating environment descriptor '/home/liujie/rosbag2pcd_ws/install/rosbag2_to_pcd/share/rosbag2_to_pcd/hook/cmake_prefix_path.dsv'
[9.057s] INFO:colcon.colcon_core.shell:Creating environment hook '/home/liujie/rosbag2pcd_ws/install/rosbag2_to_pcd/share/rosbag2_to_pcd/hook/cmake_prefix_path.sh'
[9.058s] Level 1:colcon.colcon_core.environment:checking '/home/liujie/rosbag2pcd_ws/install/rosbag2_to_pcd/lib'
[9.058s] Level 1:colcon.colcon_core.shell:create_environment_hook('rosbag2_to_pcd', 'ld_library_path_lib')
[9.058s] INFO:colcon.colcon_core.shell:Creating environment hook '/home/liujie/rosbag2pcd_ws/install/rosbag2_to_pcd/share/rosbag2_to_pcd/hook/ld_library_path_lib.ps1'
[9.058s] INFO:colcon.colcon_core.shell:Creating environment descriptor '/home/liujie/rosbag2pcd_ws/install/rosbag2_to_pcd/share/rosbag2_to_pcd/hook/ld_library_path_lib.dsv'
[9.058s] INFO:colcon.colcon_core.shell:Creating environment hook '/home/liujie/rosbag2pcd_ws/install/rosbag2_to_pcd/share/rosbag2_to_pcd/hook/ld_library_path_lib.sh'
[9.058s] Level 1:colcon.colcon_core.environment:checking '/home/liujie/rosbag2pcd_ws/install/rosbag2_to_pcd/bin'
[9.058s] Level 1:colcon.colcon_core.environment:checking '/home/liujie/rosbag2pcd_ws/install/rosbag2_to_pcd/lib/pkgconfig/rosbag2_to_pcd.pc'
[9.059s] Level 1:colcon.colcon_core.environment:checking '/home/liujie/rosbag2pcd_ws/install/rosbag2_to_pcd/lib/python3.10/site-packages'
[9.059s] Level 1:colcon.colcon_core.environment:checking '/home/liujie/rosbag2pcd_ws/install/rosbag2_to_pcd/bin'
[9.059s] INFO:colcon.colcon_core.shell:Creating package script '/home/liujie/rosbag2pcd_ws/install/rosbag2_to_pcd/share/rosbag2_to_pcd/package.ps1'
[9.059s] INFO:colcon.colcon_core.shell:Creating package descriptor '/home/liujie/rosbag2pcd_ws/install/rosbag2_to_pcd/share/rosbag2_to_pcd/package.dsv'
[9.060s] INFO:colcon.colcon_core.shell:Creating package script '/home/liujie/rosbag2pcd_ws/install/rosbag2_to_pcd/share/rosbag2_to_pcd/package.sh'
[9.060s] INFO:colcon.colcon_core.shell:Creating package script '/home/liujie/rosbag2pcd_ws/install/rosbag2_to_pcd/share/rosbag2_to_pcd/package.bash'
[9.060s] INFO:colcon.colcon_core.shell:Creating package script '/home/liujie/rosbag2pcd_ws/install/rosbag2_to_pcd/share/rosbag2_to_pcd/package.zsh'
[9.060s] Level 1:colcon.colcon_core.environment:create_file_with_runtime_dependencies(/home/liujie/rosbag2pcd_ws/install/rosbag2_to_pcd/share/colcon-core/packages/rosbag2_to_pcd)
[9.060s] DEBUG:colcon.colcon_parallel_executor.executor.parallel:closing loop
[9.060s] DEBUG:colcon.colcon_parallel_executor.executor.parallel:loop closed
[9.061s] DEBUG:colcon.colcon_parallel_executor.executor.parallel:run_until_complete finished with '0'
[9.061s] DEBUG:colcon.colcon_core.event_reactor:joining thread
[9.064s] INFO:colcon.colcon_core.plugin_system:Skipping extension 'colcon_notification.desktop_notification.terminal_notifier': Not used on non-Darwin systems
[9.064s] INFO:colcon.colcon_core.plugin_system:Skipping extension 'colcon_notification.desktop_notification.win32': Not used on non-Windows systems
[9.064s] INFO:colcon.colcon_notification.desktop_notification:Sending desktop notification using 'notify2'
[9.071s] DEBUG:colcon.colcon_core.event_reactor:joined thread
[9.071s] INFO:colcon.colcon_core.shell:Creating prefix script '/home/liujie/rosbag2pcd_ws/install/local_setup.ps1'
[9.072s] INFO:colcon.colcon_core.shell:Creating prefix util module '/home/liujie/rosbag2pcd_ws/install/_local_setup_util_ps1.py'
[9.073s] INFO:colcon.colcon_core.shell:Creating prefix chain script '/home/liujie/rosbag2pcd_ws/install/setup.ps1'
[9.073s] INFO:colcon.colcon_core.shell:Creating prefix script '/home/liujie/rosbag2pcd_ws/install/local_setup.sh'
[9.074s] INFO:colcon.colcon_core.shell:Creating prefix util module '/home/liujie/rosbag2pcd_ws/install/_local_setup_util_sh.py'
[9.074s] INFO:colcon.colcon_core.shell:Creating prefix chain script '/home/liujie/rosbag2pcd_ws/install/setup.sh'
[9.075s] INFO:colcon.colcon_core.shell:Creating prefix script '/home/liujie/rosbag2pcd_ws/install/local_setup.bash'
[9.075s] INFO:colcon.colcon_core.shell:Creating prefix chain script '/home/liujie/rosbag2pcd_ws/install/setup.bash'
[9.076s] INFO:colcon.colcon_core.shell:Creating prefix script '/home/liujie/rosbag2pcd_ws/install/local_setup.zsh'
[9.076s] INFO:colcon.colcon_core.shell:Creating prefix chain script '/home/liujie/rosbag2pcd_ws/install/setup.zsh'
