[0.007s] Invoking command in '/home/liujie/rosbag2pcd_ws/build/rosbag2_to_pcd': CMAKE_PREFIX_PATH=${CMAKE_PREFIX_PATH}:/opt/ros/humble /usr/bin/cmake --build /home/liujie/rosbag2pcd_ws/build/rosbag2_to_pcd -- -j12 -l12
[0.036s] [35m[1mConsolidate compiler generated dependencies of target rosbag2_to_pcd_node[0m
[0.037s] [35m[1mConsolidate compiler generated dependencies of target rosbag2_to_pcd_node_component[0m
[0.047s] [ 50%] Built target rosbag2_to_pcd_node
[0.057s] [ 75%] [32mBuilding CXX object CMakeFiles/rosbag2_to_pcd_node_component.dir/src/rosbag2_to_pcd.cpp.o[0m
[7.840s] [100%] [32m[1mLinking CXX shared library librosbag2_to_pcd_node_component.so[0m
[8.882s] [100%] Built target rosbag2_to_pcd_node_component
[8.889s] Invoked command in '/home/liujie/rosbag2pcd_ws/build/rosbag2_to_pcd' returned '0': CMAKE_PREFIX_PATH=${CMAKE_PREFIX_PATH}:/opt/ros/humble /usr/bin/cmake --build /home/liujie/rosbag2pcd_ws/build/rosbag2_to_pcd -- -j12 -l12
[8.895s] Invoking command in '/home/liujie/rosbag2pcd_ws/build/rosbag2_to_pcd': CMAKE_PREFIX_PATH=${CMAKE_PREFIX_PATH}:/opt/ros/humble /usr/bin/cmake --install /home/liujie/rosbag2pcd_ws/build/rosbag2_to_pcd
[8.900s] -- Install configuration: "RelWithDebInfo"
[8.900s] -- Execute custom install script
[8.900s] -- Up-to-date symlink: /home/liujie/rosbag2pcd_ws/install/rosbag2_to_pcd/lib/rosbag2_to_pcd/rosbag2_to_pcd_node
[8.900s] -- Up-to-date symlink: /home/liujie/rosbag2pcd_ws/install/rosbag2_to_pcd/share/rosbag2_to_pcd/environment/library_path.sh
[8.900s] -- Up-to-date symlink: /home/liujie/rosbag2pcd_ws/install/rosbag2_to_pcd/share/rosbag2_to_pcd/environment/library_path.dsv
[8.900s] -- Up-to-date symlink: /home/liujie/rosbag2pcd_ws/install/rosbag2_to_pcd/lib/librosbag2_to_pcd_node_component.so
[8.900s] -- Up-to-date symlink: /home/liujie/rosbag2pcd_ws/install/rosbag2_to_pcd/share/rosbag2_to_pcd/config/rosbag2_to_pcd.param.yaml
[8.901s] -- Up-to-date symlink: /home/liujie/rosbag2pcd_ws/install/rosbag2_to_pcd/share/rosbag2_to_pcd/launch/rosbag2_to_pcd.launch.xml
[8.901s] -- Up-to-date symlink: /home/liujie/rosbag2pcd_ws/install/rosbag2_to_pcd/share/ament_index/resource_index/package_run_dependencies/rosbag2_to_pcd
[8.901s] -- Up-to-date symlink: /home/liujie/rosbag2pcd_ws/install/rosbag2_to_pcd/share/ament_index/resource_index/parent_prefix_path/rosbag2_to_pcd
[8.901s] -- Up-to-date symlink: /home/liujie/rosbag2pcd_ws/install/rosbag2_to_pcd/share/rosbag2_to_pcd/environment/ament_prefix_path.sh
[8.901s] -- Up-to-date symlink: /home/liujie/rosbag2pcd_ws/install/rosbag2_to_pcd/share/rosbag2_to_pcd/environment/ament_prefix_path.dsv
[8.901s] -- Up-to-date symlink: /home/liujie/rosbag2pcd_ws/install/rosbag2_to_pcd/share/rosbag2_to_pcd/environment/path.sh
[8.901s] -- Up-to-date symlink: /home/liujie/rosbag2pcd_ws/install/rosbag2_to_pcd/share/rosbag2_to_pcd/environment/path.dsv
[8.901s] -- Up-to-date symlink: /home/liujie/rosbag2pcd_ws/install/rosbag2_to_pcd/share/rosbag2_to_pcd/local_setup.bash
[8.901s] -- Up-to-date symlink: /home/liujie/rosbag2pcd_ws/install/rosbag2_to_pcd/share/rosbag2_to_pcd/local_setup.sh
[8.901s] -- Up-to-date symlink: /home/liujie/rosbag2pcd_ws/install/rosbag2_to_pcd/share/rosbag2_to_pcd/local_setup.zsh
[8.901s] -- Up-to-date symlink: /home/liujie/rosbag2pcd_ws/install/rosbag2_to_pcd/share/rosbag2_to_pcd/local_setup.dsv
[8.901s] -- Symlinking: /home/liujie/rosbag2pcd_ws/install/rosbag2_to_pcd/share/rosbag2_to_pcd/package.dsv
[8.907s] -- Up-to-date symlink: /home/liujie/rosbag2pcd_ws/install/rosbag2_to_pcd/share/ament_index/resource_index/packages/rosbag2_to_pcd
[8.907s] -- Up-to-date symlink: /home/liujie/rosbag2pcd_ws/install/rosbag2_to_pcd/share/ament_index/resource_index/rclcpp_components/rosbag2_to_pcd
[8.907s] -- Up-to-date symlink: /home/liujie/rosbag2pcd_ws/install/rosbag2_to_pcd/share/rosbag2_to_pcd/cmake/ament_cmake_export_libraries-extras.cmake
[8.907s] -- Up-to-date symlink: /home/liujie/rosbag2pcd_ws/install/rosbag2_to_pcd/share/rosbag2_to_pcd/cmake/rosbag2_to_pcdConfig.cmake
[8.907s] -- Up-to-date symlink: /home/liujie/rosbag2pcd_ws/install/rosbag2_to_pcd/share/rosbag2_to_pcd/cmake/rosbag2_to_pcdConfig-version.cmake
[8.907s] -- Up-to-date symlink: /home/liujie/rosbag2pcd_ws/install/rosbag2_to_pcd/share/rosbag2_to_pcd/package.xml
[8.908s] Invoked command in '/home/liujie/rosbag2pcd_ws/build/rosbag2_to_pcd' returned '0': CMAKE_PREFIX_PATH=${CMAKE_PREFIX_PATH}:/opt/ros/humble /usr/bin/cmake --install /home/liujie/rosbag2pcd_ws/build/rosbag2_to_pcd
