[35m[1mConsolidate compiler generated dependencies of target rosbag2_to_pcd_node_component[0m
[ 50%] Built target rosbag2_to_pcd_node
[ 75%] [32mBuilding CXX object CMakeFiles/rosbag2_to_pcd_node_component.dir/src/rosbag2_to_pcd.cpp.o[0m
[01m[K/home/liujie/rosbag2pcd_ws/src/rosbag2_to_pcd/src/rosbag2_to_pcd.cpp:[m[K In constructor ‘[01m[Krosbag2_to_pcd::Rosbag2ToPcdNode::Rosbag2ToPcdNode(const rclcpp::NodeOptions&)[m[K’:
[01m[K/home/liujie/rosbag2pcd_ws/src/rosbag2_to_pcd/src/rosbag2_to_pcd.cpp:121:2:[m[K [01;31m[Kerror: [m[K‘[01m[KImage[m[K’ was not declared in this scope; did you mean ‘[01m[Ksensor_msgs::msg::Image[m[K’?
  121 | [[01;31m[KImage[m[K of Binary Data Structure]
      |  [01;31m[K^~~~~[m[K
      |  [32m[Ksensor_msgs::msg::Image[m[K
In file included from [01m[K/opt/ros/humble/include/sensor_msgs/sensor_msgs/msg/image.hpp:7[m[K,
                 from [01m[K/opt/ros/humble/include/pcl_conversions/pcl_conversions/pcl_conversions.h:53[m[K,
                 from [01m[K/home/liujie/rosbag2pcd_ws/src/rosbag2_to_pcd/src/rosbag2_to_pcd.cpp:7[m[K:
[01m[K/opt/ros/humble/include/sensor_msgs/sensor_msgs/msg/detail/image__struct.hpp:208:7:[m[K [01;36m[Knote: [m[K‘[01m[Ksensor_msgs::msg::Image[m[K’ declared here
  208 | using [01;36m[KImage[m[K =
      |       [01;36m[K^~~~~[m[K
[01m[K/home/liujie/rosbag2pcd_ws/src/rosbag2_to_pcd/src/rosbag2_to_pcd.cpp:121:7:[m[K [01;31m[Kerror: [m[Kexpected ‘[01m[K,[m[K’ before ‘[01m[Kof[m[K’
  121 | [Image[01;31m[K [m[K[32m[Kof[m[K Binary Data Structure]
      |       [01;31m[K^[m[K[32m[K~~[m[K
      |       [32m[K,[m[K
[01m[K/home/liujie/rosbag2pcd_ws/src/rosbag2_to_pcd/src/rosbag2_to_pcd.cpp:121:8:[m[K [01;31m[Kerror: [m[K‘[01m[Kof[m[K’ was not declared in this scope; did you mean ‘[01m[Kfeof[m[K’?
  121 | [Image [01;31m[Kof[m[K Binary Data Structure]
      |        [01;31m[K^~[m[K
      |        [32m[Kfeof[m[K
[01m[K/home/liujie/rosbag2pcd_ws/src/rosbag2_to_pcd/src/rosbag2_to_pcd.cpp:121:10:[m[K [01;31m[Kerror: [m[Kexpected ‘[01m[K,[m[K’ before ‘[01m[KBinary[m[K’
  121 | [Image of[01;31m[K [m[K[32m[KBinary[m[K Data Structure]
      |          [01;31m[K^[m[K[32m[K~~~~~~[m[K
      |          [32m[K,[m[K
[01m[K/home/liujie/rosbag2pcd_ws/src/rosbag2_to_pcd/src/rosbag2_to_pcd.cpp:121:11:[m[K [01;31m[Kerror: [m[K‘[01m[KBinary[m[K’ was not declared in this scope; did you mean ‘[01m[KYAML::Binary[m[K’?
  121 | [Image of [01;31m[KBinary[m[K Data Structure]
      |           [01;31m[K^~~~~~[m[K
      |           [32m[KYAML::Binary[m[K
In file included from [01m[K/usr/include/yaml-cpp/emitter.h:18[m[K,
                 from [01m[K/usr/include/yaml-cpp/yaml.h:11[m[K,
                 from [01m[K/opt/ros/humble/include/rosbag2_storage/rosbag2_storage/yaml.hpp:27[m[K,
                 from [01m[K/opt/ros/humble/include/rosbag2_storage/rosbag2_storage/storage_options.hpp:22[m[K,
                 from [01m[K/opt/ros/humble/include/rosbag2_cpp/rosbag2_cpp/reader_interfaces/base_reader_interface.hpp:29[m[K,
                 from [01m[K/opt/ros/humble/include/rosbag2_cpp/rosbag2_cpp/readers/sequential_reader.hpp:25[m[K,
                 from [01m[K/opt/ros/humble/include/rosbag2_cpp/rosbag2_cpp/reader.hpp:28[m[K,
                 from [01m[K/home/liujie/rosbag2pcd_ws/src/rosbag2_to_pcd/src/rosbag2_to_pcd.cpp:20[m[K:
[01m[K/usr/include/yaml-cpp/binary.h:20:20:[m[K [01;36m[Knote: [m[K‘[01m[KYAML::Binary[m[K’ declared here
   20 | class YAML_CPP_API [01;36m[KBinary[m[K {
      |                    [01;36m[K^~~~~~[m[K
[01m[K/home/liujie/rosbag2pcd_ws/src/rosbag2_to_pcd/src/rosbag2_to_pcd.cpp:121:17:[m[K [01;31m[Kerror: [m[Kexpected ‘[01m[K,[m[K’ before ‘[01m[KData[m[K’
  121 | [Image of Binary[01;31m[K [m[K[32m[KData[m[K Structure]
      |                 [01;31m[K^[m[K[32m[K~~~~[m[K
      |                 [32m[K,[m[K
[01m[K/home/liujie/rosbag2pcd_ws/src/rosbag2_to_pcd/src/rosbag2_to_pcd.cpp:121:18:[m[K [01;31m[Kerror: [m[K‘[01m[KData[m[K’ was not declared in this scope
  121 | [Image of Binary [01;31m[KData[m[K Structure]
      |                  [01;31m[K^~~~[m[K
[01m[K/home/liujie/rosbag2pcd_ws/src/rosbag2_to_pcd/src/rosbag2_to_pcd.cpp:121:22:[m[K [01;31m[Kerror: [m[Kexpected ‘[01m[K,[m[K’ before ‘[01m[KStructure[m[K’
  121 | [Image of Binary Data[01;31m[K [m[K[32m[KStructure[m[K]
      |                      [01;31m[K^[m[K[32m[K~~~~~~~~~[m[K
      |                      [32m[K,[m[K
[01m[K/home/liujie/rosbag2pcd_ws/src/rosbag2_to_pcd/src/rosbag2_to_pcd.cpp:121:23:[m[K [01;31m[Kerror: [m[K‘[01m[KStructure[m[K’ was not declared in this scope
  121 | [Image of Binary Data [01;31m[KStructure[m[K]
      |                       [01;31m[K^~~~~~~~~[m[K
[01m[K/home/liujie/rosbag2pcd_ws/src/rosbag2_to_pcd/src/rosbag2_to_pcd.cpp:[m[K In lambda function:
[01m[K/home/liujie/rosbag2pcd_ws/src/rosbag2_to_pcd/src/rosbag2_to_pcd.cpp:124:7:[m[K [01;31m[Kerror: [m[Kexpected ‘[01m[K{[m[K’ before ‘[01m[Kif[m[K’
  124 |       [01;31m[Kif[m[K (pcl::io::savePCDFileBinary(filename, *cloud) == 0) {
      |       [01;31m[K^~[m[K
[01m[K/home/liujie/rosbag2pcd_ws/src/rosbag2_to_pcd/src/rosbag2_to_pcd.cpp:[m[K In constructor ‘[01m[Krosbag2_to_pcd::Rosbag2ToPcdNode::Rosbag2ToPcdNode(const rclcpp::NodeOptions&)[m[K’:
[01m[K/home/liujie/rosbag2pcd_ws/src/rosbag2_to_pcd/src/rosbag2_to_pcd.cpp:121:33:[m[K [01;31m[Kerror: [m[Kexpected ‘[01m[K;[m[K’ before ‘[01m[Kif[m[K’
  121 | [Image of Binary Data Structure]
      |                                 [01;31m[K^[m[K
      |                                 [32m[K;[m[K
......
  124 |       [32m[Kif[m[K (pcl::io::savePCDFileBinary(filename, *cloud) == 0) {
      |       [32m[K~~[m[K                         
[01m[K/home/liujie/rosbag2pcd_ws/src/rosbag2_to_pcd/src/rosbag2_to_pcd.cpp:126:9:[m[K [01;31m[Kerror: [m[Kexpected ‘[01m[K}[m[K’ before ‘[01m[Kelse[m[K’
  126 |       } [01;31m[Kelse[m[K {
      |         [01;31m[K^~~~[m[K
[01m[K/home/liujie/rosbag2pcd_ws/src/rosbag2_to_pcd/src/rosbag2_to_pcd.cpp:94:89:[m[K [01;36m[Knote: [m[Kto match this ‘[01m[K{[m[K’
   94 |     if (topic_to_folder_map.find(bag_message->topic_name) != topic_to_folder_map.end()) [01;36m[K{[m[K
      |                                                                                         [01;36m[K^[m[K
In file included from [01m[K/opt/ros/humble/include/rclcpp/rclcpp/logging.hpp:24[m[K,
                 from [01m[K/opt/ros/humble/include/rclcpp/rclcpp/client.hpp:40[m[K,
                 from [01m[K/opt/ros/humble/include/rclcpp/rclcpp/callback_group.hpp:24[m[K,
                 from [01m[K/opt/ros/humble/include/rclcpp/rclcpp/any_executable.hpp:20[m[K,
                 from [01m[K/opt/ros/humble/include/rclcpp/rclcpp/memory_strategy.hpp:25[m[K,
                 from [01m[K/opt/ros/humble/include/rclcpp/rclcpp/memory_strategies.hpp:18[m[K,
                 from [01m[K/opt/ros/humble/include/rclcpp/rclcpp/executor_options.hpp:20[m[K,
                 from [01m[K/opt/ros/humble/include/rclcpp/rclcpp/executor.hpp:37[m[K,
                 from [01m[K/opt/ros/humble/include/rclcpp/rclcpp/executors/multi_threaded_executor.hpp:25[m[K,
                 from [01m[K/opt/ros/humble/include/rclcpp/rclcpp/executors.hpp:21[m[K,
                 from [01m[K/opt/ros/humble/include/rclcpp/rclcpp/rclcpp.hpp:155[m[K,
                 from [01m[K/home/liujie/rosbag2pcd_ws/src/rosbag2_to_pcd/src/include/rosbag2_to_pcd.hpp:18[m[K,
                 from [01m[K/home/liujie/rosbag2pcd_ws/src/rosbag2_to_pcd/src/rosbag2_to_pcd.cpp:2[m[K:
[01m[K/home/liujie/rosbag2pcd_ws/src/rosbag2_to_pcd/src/rosbag2_to_pcd.cpp:127:59:[m[K [01;31m[Kerror: [m[K‘[01m[Kfilename[m[K’ was not declared in this scope
  127 |           RCLCPP_ERROR(get_logger(), "Failed to save %s", [01;31m[Kfilename[m[K.c_str());
      |                                                           [01;31m[K^~~~~~~~[m[K
In file included from [01m[K/opt/ros/humble/include/rclcpp/rclcpp/client.hpp:40[m[K,
                 from [01m[K/opt/ros/humble/include/rclcpp/rclcpp/callback_group.hpp:24[m[K,
                 from [01m[K/opt/ros/humble/include/rclcpp/rclcpp/any_executable.hpp:20[m[K,
                 from [01m[K/opt/ros/humble/include/rclcpp/rclcpp/memory_strategy.hpp:25[m[K,
                 from [01m[K/opt/ros/humble/include/rclcpp/rclcpp/memory_strategies.hpp:18[m[K,
                 from [01m[K/opt/ros/humble/include/rclcpp/rclcpp/executor_options.hpp:20[m[K,
                 from [01m[K/opt/ros/humble/include/rclcpp/rclcpp/executor.hpp:37[m[K,
                 from [01m[K/opt/ros/humble/include/rclcpp/rclcpp/executors/multi_threaded_executor.hpp:25[m[K,
                 from [01m[K/opt/ros/humble/include/rclcpp/rclcpp/executors.hpp:21[m[K,
                 from [01m[K/opt/ros/humble/include/rclcpp/rclcpp/rclcpp.hpp:155[m[K,
                 from [01m[K/home/liujie/rosbag2pcd_ws/src/rosbag2_to_pcd/src/include/rosbag2_to_pcd.hpp:18[m[K,
                 from [01m[K/home/liujie/rosbag2pcd_ws/src/rosbag2_to_pcd/src/rosbag2_to_pcd.cpp:2[m[K:
[01m[K/home/liujie/rosbag2pcd_ws/src/rosbag2_to_pcd/src/rosbag2_to_pcd.cpp:[m[K At global scope:
[01m[K/home/liujie/rosbag2pcd_ws/src/rosbag2_to_pcd/src/rosbag2_to_pcd.cpp:140:3:[m[K [01;31m[Kerror: [m[Kexpected unqualified-id before ‘[01m[Kdo[m[K’
  140 |   [01;31m[KRCLCPP_INFO[m[K(get_logger(), "Finished converting bag file.");
      |   [01;31m[K^~~~~~~~~~~[m[K
[01m[K/home/liujie/rosbag2pcd_ws/src/rosbag2_to_pcd/src/rosbag2_to_pcd.cpp:140:3:[m[K [01;31m[Kerror: [m[Kexpected unqualified-id before ‘[01m[Kwhile[m[K’
  140 |   [01;31m[KRCLCPP_INFO[m[K(get_logger(), "Finished converting bag file.");
      |   [01;31m[K^~~~~~~~~~~[m[K
[01m[K/home/liujie/rosbag2pcd_ws/src/rosbag2_to_pcd/src/rosbag2_to_pcd.cpp:141:3:[m[K [01;31m[Kerror: [m[Kexpected unqualified-id before ‘[01m[Kfor[m[K’
  141 |   [01;31m[Kfor[m[K (const auto& pair : topic_msg_counters) {
      |   [01;31m[K^~~[m[K
[01m[K/home/liujie/rosbag2pcd_ws/src/rosbag2_to_pcd/src/rosbag2_to_pcd.cpp:145:21:[m[K [01;31m[Kerror: [m[Kexpected constructor, destructor, or type conversion before ‘[01m[K;[m[K’ token
  145 |   rclcpp::shutdown()[01;31m[K;[m[K
      |                     [01;31m[K^[m[K
[01m[K/home/liujie/rosbag2pcd_ws/src/rosbag2_to_pcd/src/rosbag2_to_pcd.cpp:148:1:[m[K [01;31m[Kerror: [m[Kexpected declaration before ‘[01m[K}[m[K’ token
  148 | [01;31m[K}[m[K  // namespace rosbag2_to_pcd
      | [01;31m[K^[m[K
gmake[2]: *** [CMakeFiles/rosbag2_to_pcd_node_component.dir/build.make:76: CMakeFiles/rosbag2_to_pcd_node_component.dir/src/rosbag2_to_pcd.cpp.o] Error 1
gmake[1]: *** [CMakeFiles/Makefile2:139: CMakeFiles/rosbag2_to_pcd_node_component.dir/all] Error 2
gmake: *** [Makefile:146: all] Error 2
